2025-10-20 00:59:28,457 [INFO] Failed to create hot VM hot-vm-0: operation failed: domain 'hot-vm-0' already exists with uuid 22c8c761-bfe0-4291-a160-21d10924dd46
2025-10-20 00:59:28,473 [INFO] Failed to create hot VM hot-vm-1: operation failed: domain 'hot-vm-1' already exists with uuid 2e83784c-364a-45a0-8581-2821717d9d65
2025-10-20 00:59:28,496 [INFO] Failed to create hot VM hot-vm-2: operation failed: domain 'hot-vm-2' already exists with uuid b39e9b22-315f-4710-9ebf-54c3a644f4e8
2025-10-20 01:00:02,402 [INFO] VM Codes created successfully with UUID 3ada6fd0-7b7e-4878-addb-752587e311e0
2025-10-20 01:06:17,210 [INFO] Failed to create hot VM hot-vm-0: operation failed: domain 'hot-vm-0' already exists with uuid 22c8c761-bfe0-4291-a160-21d10924dd46
2025-10-20 01:06:17,238 [INFO] Failed to create hot VM hot-vm-1: operation failed: domain 'hot-vm-1' already exists with uuid 2e83784c-364a-45a0-8581-2821717d9d65
2025-10-20 01:06:17,277 [INFO] Failed to create hot VM hot-vm-2: operation failed: domain 'hot-vm-2' already exists with uuid b39e9b22-315f-4710-9ebf-54c3a644f4e8
2025-10-20 01:23:54,810 [INFO] Failed to create hot VM hot-vm-0: operation failed: domain 'hot-vm-0' already exists with uuid 22c8c761-bfe0-4291-a160-21d10924dd46
2025-10-20 01:23:54,855 [INFO] Failed to create hot VM hot-vm-1: operation failed: domain 'hot-vm-1' already exists with uuid 2e83784c-364a-45a0-8581-2821717d9d65
2025-10-20 01:23:54,924 [INFO] Failed to create hot VM hot-vm-2: operation failed: domain 'hot-vm-2' already exists with uuid b39e9b22-315f-4710-9ebf-54c3a644f4e8
2025-10-20 01:24:38,294 [INFO] VM code not found for deletion
2025-10-20 01:24:38,295 [INFO] VM code deleted
2025-10-20 01:25:07,472 [INFO] VM codes not found for deletion
2025-10-20 01:25:07,473 [INFO] VM codes deleted
2025-10-20 01:27:57,767 [INFO] Failed to create hot VM hot-vm-0: operation failed: domain 'hot-vm-0' already exists with uuid 22c8c761-bfe0-4291-a160-21d10924dd46
2025-10-20 01:27:57,796 [INFO] Failed to create hot VM hot-vm-1: operation failed: domain 'hot-vm-1' already exists with uuid 2e83784c-364a-45a0-8581-2821717d9d65
2025-10-20 01:27:57,822 [INFO] Failed to create hot VM hot-vm-2: operation failed: domain 'hot-vm-2' already exists with uuid b39e9b22-315f-4710-9ebf-54c3a644f4e8
2025-10-20 01:28:15,028 [INFO] VM codes not found in libvirt, skipping undefine
2025-10-20 01:28:15,028 [INFO] VM image /home/aswadh/vm-manager/vm-images/codes.qcow2 not found, skipping deletion
2025-10-20 01:32:20,307 [INFO] VM hot-vm-0 already exists, skipping creation
2025-10-20 01:32:20,315 [INFO] Failed to stop VM hot-vm-0: Requested operation is not valid: domain is not running
2025-10-20 01:32:20,315 [INFO] Hot VM hot-vm-0 added to pool
2025-10-20 01:32:20,316 [INFO] VM hot-vm-1 already exists, skipping creation
2025-10-20 01:32:20,320 [INFO] Failed to stop VM hot-vm-1: Requested operation is not valid: domain is not running
2025-10-20 01:32:20,320 [INFO] Hot VM hot-vm-1 added to pool
2025-10-20 01:32:20,321 [INFO] VM hot-vm-2 already exists, skipping creation
2025-10-20 01:32:20,324 [INFO] Failed to stop VM hot-vm-2: Requested operation is not valid: domain is not running
2025-10-20 01:32:20,324 [INFO] Hot VM hot-vm-2 added to pool
2025-10-20 01:32:35,456 [INFO] VM hot-vm-0 already exists, skipping creation
2025-10-20 01:32:35,458 [INFO] Failed to stop VM hot-vm-0: Requested operation is not valid: domain is not running
2025-10-20 01:32:35,458 [INFO] Hot VM hot-vm-0 added to pool
2025-10-20 01:32:35,459 [INFO] VM hot-vm-1 already exists, skipping creation
2025-10-20 01:32:35,461 [INFO] Failed to stop VM hot-vm-1: Requested operation is not valid: domain is not running
2025-10-20 01:32:35,461 [INFO] Hot VM hot-vm-1 added to pool
2025-10-20 01:32:35,462 [INFO] VM hot-vm-2 already exists, skipping creation
2025-10-20 01:32:35,464 [INFO] Failed to stop VM hot-vm-2: Requested operation is not valid: domain is not running
2025-10-20 01:32:35,464 [INFO] Hot VM hot-vm-2 added to pool
2025-10-20 01:33:39,180 [INFO] VM codes not found in libvirt, skipping undefine
2025-10-20 01:33:39,180 [INFO] VM image /home/aswadh/vm-manager/vm-images/codes.qcow2 not found, skipping deletion
2025-10-20 01:34:09,968 [INFO] VM hot-vm-0 already exists, skipping creation
2025-10-20 01:34:09,970 [INFO] Failed to stop VM hot-vm-0: Requested operation is not valid: domain is not running
2025-10-20 01:34:09,970 [INFO] Hot VM hot-vm-0 added to pool
2025-10-20 01:34:09,971 [INFO] VM hot-vm-1 already exists, skipping creation
2025-10-20 01:34:09,974 [INFO] Failed to stop VM hot-vm-1: Requested operation is not valid: domain is not running
2025-10-20 01:34:09,974 [INFO] Hot VM hot-vm-1 added to pool
2025-10-20 01:34:09,975 [INFO] VM hot-vm-2 already exists, skipping creation
2025-10-20 01:34:09,978 [INFO] Failed to stop VM hot-vm-2: Requested operation is not valid: domain is not running
2025-10-20 01:34:09,978 [INFO] Hot VM hot-vm-2 added to pool
2025-10-20 01:35:00,074 [INFO] VM code not found in libvirt, skipping undefine
2025-10-20 01:35:00,074 [INFO] VM image /home/aswadh/vm-manager/vm-images/code.qcow2 not found, skipping deletion
2025-10-20 01:35:17,066 [INFO] VM Code undefined
2025-10-20 01:35:17,066 [INFO] VM image /home/aswadh/vm-manager/vm-images/Code.qcow2 not found, skipping deletion
2025-10-20 01:35:44,839 [INFO] VM Codes undefined
2025-10-20 01:35:44,840 [INFO] VM image /home/aswadh/vm-manager/vm-images/Codes.qcow2 not found, skipping deletion
2025-10-20 01:36:09,927 [INFO] VM hh not found in libvirt, skipping undefine
2025-10-20 01:36:09,927 [INFO] VM image /home/aswadh/vm-manager/vm-images/hh.qcow2 not found, skipping deletion
2025-10-20 01:38:25,461 [INFO] Failed to stop VM aa: Domain not found: no domain with matching name 'aa'
2025-10-20 01:38:42,248 [INFO] Failed to start VM aa: Domain not found: no domain with matching name 'aa'
2025-10-20 01:42:02,632 [INFO] Failed to define VM hot-vm-0: operation failed: domain 'hot-vm-0' already exists with uuid 22c8c761-bfe0-4291-a160-21d10924dd46
2025-10-20 01:42:02,632 [INFO] Failed to create hot VM hot-vm-0: 500: Failed to define VM: operation failed: domain 'hot-vm-0' already exists with uuid 22c8c761-bfe0-4291-a160-21d10924dd46
2025-10-20 01:42:02,696 [INFO] Failed to define VM hot-vm-1: operation failed: domain 'hot-vm-1' already exists with uuid 2e83784c-364a-45a0-8581-2821717d9d65
2025-10-20 01:42:02,696 [INFO] Failed to create hot VM hot-vm-1: 500: Failed to define VM: operation failed: domain 'hot-vm-1' already exists with uuid 2e83784c-364a-45a0-8581-2821717d9d65
2025-10-20 01:42:02,740 [INFO] Failed to define VM hot-vm-2: operation failed: domain 'hot-vm-2' already exists with uuid b39e9b22-315f-4710-9ebf-54c3a644f4e8
2025-10-20 01:42:02,740 [INFO] Failed to create hot VM hot-vm-2: 500: Failed to define VM: operation failed: domain 'hot-vm-2' already exists with uuid b39e9b22-315f-4710-9ebf-54c3a644f4e8
2025-10-20 01:43:01,225 [INFO] Hot VM hot-vm-0 already exists. Ensuring it's stopped.
2025-10-20 01:43:01,226 [INFO] Hot VM hot-vm-0 added to pool
2025-10-20 01:43:01,226 [INFO] Hot VM hot-vm-1 already exists. Ensuring it's stopped.
2025-10-20 01:43:01,227 [INFO] Hot VM hot-vm-1 added to pool
2025-10-20 01:43:01,227 [INFO] Hot VM hot-vm-2 already exists. Ensuring it's stopped.
2025-10-20 01:43:01,228 [INFO] Hot VM hot-vm-2 added to pool
2025-10-20 01:43:45,544 [INFO] VM aa not found in libvirt
2025-10-20 01:43:57,111 [INFO] VM string undefined
2025-10-20 01:43:57,112 [INFO] VM image /home/aswadh/vm-manager/vm-images/string.qcow2 not found
2025-10-20 01:44:35,920 [INFO] Failed to stop VM string: Domain not found: no domain with matching name 'string'
2025-10-20 01:44:49,363 [INFO] Failed to start VM string: Domain not found: no domain with matching name 'string'
2025-10-20 01:44:56,903 [INFO] Failed to start VM String: Domain not found: no domain with matching name 'String'
2025-10-20 01:45:35,303 [INFO] VM string not found in libvirt
2025-10-20 01:45:53,037 [INFO] VM hot-vm-0 undefined
2025-10-20 01:45:53,040 [INFO] VM image /home/aswadh/vm-manager/vm-images/hot-vm-0.qcow2 deleted
2025-10-20 01:46:43,330 [INFO] VM hot-vm-1 undefined
2025-10-20 01:46:43,331 [INFO] VM image /home/aswadh/vm-manager/vm-images/hot-vm-1.qcow2 deleted
2025-10-20 01:46:49,255 [INFO] VM hot-vm-2 undefined
2025-10-20 01:46:49,257 [INFO] VM image /home/aswadh/vm-manager/vm-images/hot-vm-2.qcow2 deleted
2025-10-20 01:47:50,663 [INFO] VM hot-vm-0 created successfully with UUID 9a0f3ab9-e1eb-49c6-b2bb-3614447d92fd
2025-10-20 01:47:54,070 [INFO] Ansible failed for VM hot-vm-0: 
2025-10-20 01:47:54,070 [INFO] Failed to initialize hot VM hot-vm-0: 500: Ansible configuration failed: 
2025-10-20 01:47:54,147 [INFO] VM hot-vm-1 created successfully with UUID 598c4ace-f499-4e3e-bcf1-01f16e395e68
2025-10-20 01:47:56,411 [INFO] Ansible failed for VM hot-vm-1: 
2025-10-20 01:47:56,411 [INFO] Failed to initialize hot VM hot-vm-1: 500: Ansible configuration failed: 
2025-10-20 01:47:56,452 [INFO] VM hot-vm-2 created successfully with UUID 5ca37469-844b-41ee-9436-4862cf31d6c1
2025-10-20 01:47:58,620 [INFO] Ansible failed for VM hot-vm-2: 
2025-10-20 01:47:58,621 [INFO] Failed to initialize hot VM hot-vm-2: 500: Ansible configuration failed: 
2025-10-20 01:48:22,970 [INFO] Hot VM hot-vm-0 already exists. Ensuring it's stopped.
2025-10-20 01:48:22,971 [INFO] Hot VM hot-vm-0 added to pool
2025-10-20 01:48:22,972 [INFO] Hot VM hot-vm-1 already exists. Ensuring it's stopped.
2025-10-20 01:48:22,972 [INFO] Hot VM hot-vm-1 added to pool
2025-10-20 01:48:22,973 [INFO] Hot VM hot-vm-2 already exists. Ensuring it's stopped.
2025-10-20 01:48:22,973 [INFO] Hot VM hot-vm-2 added to pool
